20:45:16.985 DEBUG LoggingFile -Debug Msg Logged
20:45:16.988 INFO  LoggingFile -Info Msg Logged
20:45:16.988 ERROR LoggingFile -Error Msg Logged
20:45:16.988 FATAL LoggingFile -Fatal Msg Logged
20:45:22.115 DEBUG LoggingFile -Debug Msg Logged
20:45:22.119 INFO  LoggingFile -Info Msg Logged
20:45:22.119 ERROR LoggingFile -Error Msg Logged
20:45:22.119 FATAL LoggingFile -Fatal Msg Logged
20:51:02.295 INFO  log4jTutorial.LoggingConsole -Info Msg Logged
20:51:02.298 ERROR log4jTutorial.LoggingConsole -Error Msg Logged
20:51:02.298 FATAL log4jTutorial.LoggingConsole -Fatal Msg Logged
20:51:08.222 DEBUG logDemo.LoggingFile -Debug Msg Logged
20:51:08.225 INFO  logDemo.LoggingFile -Info Msg Logged
20:51:08.226 ERROR logDemo.LoggingFile -Error Msg Logged
20:51:08.257 FATAL logDemo.LoggingFile -Fatal Msg Logged
20:52:00.974 INFO  LoggingConsole -Info Msg Logged
20:52:00.977 ERROR LoggingConsole -Error Msg Logged
20:52:00.978 FATAL LoggingConsole -Fatal Msg Logged
20:52:08.344 DEBUG LoggingFile -Debug Msg Logged
20:52:08.347 INFO  LoggingFile -Info Msg Logged
20:52:08.348 ERROR LoggingFile -Error Msg Logged
20:52:08.348 FATAL LoggingFile -Fatal Msg Logged
